Path C:\Py_Github2\py412\py412

__init__.py           506 2026-06-15 13:47:35 a___ 
class_col.py        1,409 2026-06-13 19:48:36 a___ 
comp22.py             985 2026-06-13 10:23:32 a___ 
cor22.py            3,286 2026-06-13 10:27:12 a___ 
cor33.py            4,131 2026-06-13 10:30:17 a___ 
del22.py            2,438 2026-06-13 18:38:57 a___ 
desc22.py           2,501 2026-06-13 09:43:26 a___ 
e_logit.py          3,215 2026-06-15 13:21:37 a___ 
files22.py          7,288 2026-06-10 07:32:09 a___ 
geocode_kakao.py    8,885 2026-06-15 13:39:51 a___ 
lm.py                 627 2026-06-15 13:18:17 a___ 
logit.py            1,275 2026-06-13 10:48:08 a___ 
mkcsv.py            2,193 2026-06-13 10:35:15 a___ 
mkdum.py            1,817 2026-06-14 08:49:22 a___ 
mkxlsx.py           1,575 2026-06-13 10:32:20 a___ 
mywork.py           2,835 2026-06-15 13:41:29 a___ 
recode.py             621 2026-06-13 19:14:58 a___ 
sel22.py            2,753 2026-06-13 18:41:46 a___ 
selvar.py           5,220 2026-06-13 09:35:06 a___ 

   19 Files 53,560 Bytes
    0 Folders

2026년 6월 15일 월요일 오후 1:49:30